-------------------------------------------------------------------------------
Test set: TestSuite
-------------------------------------------------------------------------------
Tests run: 2, Failures: 1, Errors: 0, Skipped: 0, Time elapsed: 56.594 s <<< FAILURE! - in TestSuite
runner.TestRunner.runScenario  Time elapsed: 35.303 s  <<< FAILURE!
java.lang.AssertionError: expected [true] but found [false]

