<?xml version="1.0" encoding="UTF-8"?>
<testsuite xmlns:xsi="http://www.w3.org/2001/XMLSchema-instance" xsi:noNamespaceSchemaLocation="https://maven.apache.org/surefire/maven-surefire-plugin/xsd/surefire-test-report-3.0.xsd" version="3.0" name="TestSuite" time="56.594" tests="2" errors="0" skipped="0" failures="1">
  <properties>
[...]
</properties>
  <testcase name="runScenario" classname="runner.TestRunner" time="10.444"/>
  <testcase name="runScenario" classname="runner.TestRunner" time="35.303">
    <failure message="expected [true] but found [false]" type="java.lang.AssertionError"><![CDATA[java.lang.AssertionError: expected [true] but found [false]
]]></failure>
    <system-out><![CDATA[
Scenario Outline: Validate the Login function                         &amp#27;[90m# src/test/resources/features/Sample.feature:12&amp#27;[0m
  &amp#27;[32mGiven &amp#27;[0m&amp#27;[32mI am opening the url &amp#27;[0m&amp#27;[32m&amp#27;[1m"https://demo.guru99.com/test/newtours/"&amp#27;[0m &amp#27;[90m# stepDefinitions.SampleDefns.i_am_opening_the_url(java.lang.String)&amp#27;[0m
  &amp#27;[32mWhen &amp#27;[0m&amp#27;[32mI Enter the credentials as &amp#27;[0m&amp#27;[32m&amp#27;[1m"google"&amp#27;[0m&amp#27;[32m and &amp#27;[0m&amp#27;[32m&amp#27;[1m"demo"&amp#27;[0m                 &amp#27;[90m# stepDefinitions.SampleDefns.i_enter_the_credentials_as_and(java.lang.String,java.lang.String)&amp#27;[0m
  &amp#27;[32mAnd &amp#27;[0m&amp#27;[32mI click the Login Button&amp#27;[0m                                        &amp#27;[90m# stepDefinitions.SampleDefns.i_click_the_login_button()&amp#27;[0m
  &amp#27;[31mThen &amp#27;[0m&amp#27;[31mLogin is successful and I am on booking page&amp#27;[0m                   &amp#27;[90m# stepDefinitions.SampleDefns.login_is_successful_and_i_am_on_booking_page()&amp#27;[0m
      &amp#27;[31mjava.lang.AssertionError: expected [true] but found [false]
	at org.testng.Assert.fail(Assert.java:99)
	at org.testng.Assert.failNotEquals(Assert.java:1037)
	at org.testng.Assert.assertTrue(Assert.java:45)
	at org.testng.Assert.assertTrue(Assert.java:55)
	at stepDefinitions.SampleDefns.login_is_successful_and_i_am_on_booking_page(SampleDefns.java:40)
	at âœ½.Login is successful and I am on booking page(file:///C:/Users/admin/Desktop/Eclipse_Workspace/frameworkDemo/src/test/resources/features/Sample.feature:7)
&amp#27;[0m
]]></system-out>
  </testcase>
</testsuite>