<?xml version="1.0" encoding="UTF-8"?>
<!-- Generated by org.testng.reporters.JUnitReportReporter -->
<testsuite skipped="0" hostname="Vijay" name="runner.TestRunner" tests="2" failures="1" timestamp="2022-12-19T22:02:47 IST" time="45.678" errors="0">
  <testcase name="runScenario" time="10.390" classname="runner.TestRunner"/>
  <system-out/>
  <testcase name="runScenario" time="35.288" classname="runner.TestRunner">
    <failure type="java.lang.AssertionError" message="expected [true] but found [false]">
      <![CDATA[java.lang.AssertionError: expected [true] but found [false]
at org.testng.Assert.fail(Assert.java:99)
at org.testng.Assert.failNotEquals(Assert.java:1037)
at org.testng.Assert.assertTrue(Assert.java:45)
at org.testng.Assert.assertTrue(Assert.java:55)
at stepDefinitions.SampleDefns.login_is_successful_and_i_am_on_booking_page(SampleDefns.java:40)
at ✽.Login is successful and I am on booking page(file:///C:/Users/admin/Desktop/Eclipse_Workspace/frameworkDemo/src/test/resources/features/Sample.feature:7)
]]>
    </failure>
  </testcase> <!-- runScenario -->
  <system-out/>
</testsuite> <!-- runner.TestRunner -->
